<?xml version="1.0" encoding="UTF-8"?>
<testng-results skipped="0" failed="0" ignored="0" total="1" passed="1">
  <reporter-output>
  </reporter-output>
  <suite name="Default suite" duration-ms="37119" started-at="2021-11-02T20:13:30Z" finished-at="2021-11-02T20:14:07Z">
    <groups>
    </groups>
    <test name="Default test" duration-ms="37119" started-at="2021-11-02T20:13:30Z" finished-at="2021-11-02T20:14:07Z">
      <class name="SpurQlabs2.TestScript">
        <test-method status="PASS" signature="open()[pri:0, instance:SpurQlabs2.TestScript@735b5592]" name="open" is-config="true" duration-ms="19649" started-at="2021-11-02T20:13:30Z" finished-at="2021-11-02T20:13:50Z">
          <reporter-output>
          </reporter-output>
        </test-method> <!-- open -->
        <test-method status="PASS" signature="test()[pri:0, instance:SpurQlabs2.TestScript@735b5592]" name="test" duration-ms="15700" started-at="2021-11-02T20:13:50Z" finished-at="2021-11-02T20:14:06Z">
          <reporter-output>
          </reporter-output>
        </test-method> <!-- test -->
        <test-method status="PASS" signature="close()[pri:0, instance:SpurQlabs2.TestScript@735b5592]" name="close" is-config="true" duration-ms="1734" started-at="2021-11-02T20:14:06Z" finished-at="2021-11-02T20:14:07Z">
          <reporter-output>
          </reporter-output>
        </test-method> <!-- close -->
      </class> <!-- SpurQlabs2.TestScript -->
    </test> <!-- Default test -->
  </suite> <!-- Default suite -->
</testng-results>
